#
# A fatal error has been detected by the Java Runtime Environment:
#
#  EXCEPTION_ACCESS_VIOLATION (0xc0000005) at pc=0x00000100000007bc, pid=1408, tid=5132
#
# JRE version: OpenJDK Runtime Environment (17.0+35) (build 17+35-2724)
# Java VM: OpenJDK 64-Bit Server VM (17+35-2724, mixed mode, sharing, tiered, compressed oops, compressed class ptrs, g1 gc, windows-amd64)
# Problematic frame:
# C  0x00000100000007bc
#
# No core dump will be written. Minidumps are not enabled by default on client versions of Windows
#
# If you would like to submit a bug report, please visit:
#   https://bugreport.java.com/bugreport/crash.jsp
#

---------------  S U M M A R Y ------------

Command Line: -javaagent:D:\IntelliJ IDEA Community Edition 2021.2.2\lib\idea_rt.jar=52139:D:\IntelliJ IDEA Community Edition 2021.2.2\bin -Dfile.encoding=UTF-8 cars.Main

Host: AMD Athlon(tm) X4 860K Quad Core Processor     , 4 cores, 15G,  Windows 7 , 64 bit Build 7601 (6.1.7601.24384)
Time: Wed Nov 10 22:47:08 2021 Калининградское время (зима) elapsed time: 1.721871 seconds (0d 0h 0m 1s)

---------------  T H R E A D  ---------------

Current thread (0x00000000250dd120):  JavaThread "C2 CompilerThread0" daemon [_thread_in_native, id=5132, stack(0x0000000026a20000,0x0000000026b20000)]


Current CompileTask:
C2:   1721 1572       4       sun.util.locale.BaseLocale::getInstance (149 bytes)

Stack: [0x0000000026a20000,0x0000000026b20000],  sp=0x0000000026b1a6c8,  free space=1001k
Native frames: (J=compiled Java code, j=interpreted, Vv=VM code, C=native code)
C  0x00000100000007bc


siginfo: EXCEPTION_ACCESS_VIOLATION (0xc0000005), data execution prevention violation at address 0x00000100000007bc


Register to memory mapping:

RIP=0x00000100000007bc is an unknown value
RAX=0x0000000027059290 points into unknown readable memory: 0x0000000027058bc8 | c8 8b 05 27 00 00 00 00
RBX=0x0000000027059250 points into unknown readable memory: 0x0000000027059290 | 90 92 05 27 00 00 00 00
RCX=0x0000000027059250 points into unknown readable memory: 0x0000000027059290 | 90 92 05 27 00 00 00 00
RDX=0x0000000027de5424 points into unknown readable memory: ff 3f 00 00
RSP=0x0000000026b1a6c8 is pointing into the stack for thread: 0x00000000250dd120
RBP=0x0000000026b1aab0 is pointing into the stack for thread: 0x00000000250dd120
RSI=0x000000000000000d is an unknown value
RDI=0x000000000000002b is an unknown value
R8 =0x0000000000002000 is an unknown value
R9 =0x0 is NULL
R10=0x0 is NULL
R11=0x0000000027bfeb20 points into unknown readable memory: 0x0000000028c913f0 | f0 13 c9 28 00 00 00 00
R12=0x000000000000002e is an unknown value
R13=0x0000000026b1a760 is pointing into the stack for thread: 0x00000000250dd120
R14=0x00000000256ddf80 points into unknown readable memory: 0x000007fee4ea9130 | 30 91 ea e4 fe 07 00 00
R15=0x0000000026b1a780 is pointing into the stack for thread: 0x00000000250dd120


Registers:
RAX=0x0000000027059290, RBX=0x0000000027059250, RCX=0x0000000027059250, RDX=0x0000000027de5424
RSP=0x0000000026b1a6c8, RBP=0x0000000026b1aab0, RSI=0x000000000000000d, RDI=0x000000000000002b
R8 =0x0000000000002000, R9 =0x0000000000000000, R10=0x0000000000000000, R11=0x0000000027bfeb20
R12=0x000000000000002e, R13=0x0000000026b1a760, R14=0x00000000256ddf80, R15=0x0000000026b1a780
RIP=0x00000100000007bc, EFLAGS=0x0000000000010206

Top of Stack: (sp=0x0000000026b1a6c8)
0x0000000026b1a6c8:   000007fee4b49293 0000000028c913f0
0x0000000026b1a6d8:   0000000000000002 0000000000000000
0x0000000026b1a6e8:   000007fee4d8796e 00000000250ddb58
0x0000000026b1a6f8:   0000000000116d30 0000000000000000
0x0000000026b1a708:   0000000000000001 00000000250ddb28
0x0000000026b1a718:   0000000000030300 0000000026b1a830
0x0000000026b1a728:   000007fee4b487c7 0000000026b1aab0
0x0000000026b1a738:   0000000026b1a780 000000000000007e
0x0000000026b1a748:   0000000026b1a7a0 0000000077b33128
0x0000000026b1a758:   0000000000000000 00000000250d8cb0
0x0000000026b1a768:   0000000000000040 0000000027bfea20
0x0000000026b1a778:   000000000000002c 0000000000000002
0x0000000026b1a788:   0000000027de5420 0000000000000002
0x0000000026b1a798:   00000000250d8cb0 0000000027bf6fd0
0x0000000026b1a7a8:   0000000027bfea20 0000000027bf6fe0
0x0000000026b1a7b8:   00000000250d8cb0 00000000250d8cb0 

Instructions: (pc=0x00000100000007bc)
0x00000100000006bc:   ?? ?? ?? ?? ?? ?? ?? ?? ?? ?? ?? ?? ?? ?? ?? ??
0x00000100000006cc:   ?? ?? ?? ?? ?? ?? ?? ?? ?? ?? ?? ?? ?? ?? ?? ??
0x00000100000006dc:   ?? ?? ?? ?? ?? ?? ?? ?? ?? ?? ?? ?? ?? ?? ?? ??
0x00000100000006ec:   ?? ?? ?? ?? ?? ?? ?? ?? ?? ?? ?? ?? ?? ?? ?? ??
0x00000100000006fc:   ?? ?? ?? ?? ?? ?? ?? ?? ?? ?? ?? ?? ?? ?? ?? ??
0x000001000000070c:   ?? ?? ?? ?? ?? ?? ?? ?? ?? ?? ?? ?? ?? ?? ?? ??
0x000001000000071c:   ?? ?? ?? ?? ?? ?? ?? ?? ?? ?? ?? ?? ?? ?? ?? ??
0x000001000000072c:   ?? ?? ?? ?? ?? ?? ?? ?? ?? ?? ?? ?? ?? ?? ?? ??
0x000001000000073c:   ?? ?? ?? ?? ?? ?? ?? ?? ?? ?? ?? ?? ?? ?? ?? ??
0x000001000000074c:   ?? ?? ?? ?? ?? ?? ?? ?? ?? ?? ?? ?? ?? ?? ?? ??
0x000001000000075c:   ?? ?? ?? ?? ?? ?? ?? ?? ?? ?? ?? ?? ?? ?? ?? ??
0x000001000000076c:   ?? ?? ?? ?? ?? ?? ?? ?? ?? ?? ?? ?? ?? ?? ?? ??
0x000001000000077c:   ?? ?? ?? ?? ?? ?? ?? ?? ?? ?? ?? ?? ?? ?? ?? ??
0x000001000000078c:   ?? ?? ?? ?? ?? ?? ?? ?? ?? ?? ?? ?? ?? ?? ?? ??
0x000001000000079c:   ?? ?? ?? ?? ?? ?? ?? ?? ?? ?? ?? ?? ?? ?? ?? ??
0x00000100000007ac:   ?? ?? ?? ?? ?? ?? ?? ?? ?? ?? ?? ?? ?? ?? ?? ??
0x00000100000007bc:   ?? ?? ?? ?? ?? ?? ?? ?? ?? ?? ?? ?? ?? ?? ?? ??
0x00000100000007cc:   ?? ?? ?? ?? ?? ?? ?? ?? ?? ?? ?? ?? ?? ?? ?? ??
0x00000100000007dc:   ?? ?? ?? ?? ?? ?? ?? ?? ?? ?? ?? ?? ?? ?? ?? ??
0x00000100000007ec:   ?? ?? ?? ?? ?? ?? ?? ?? ?? ?? ?? ?? ?? ?? ?? ??
0x00000100000007fc:   ?? ?? ?? ?? ?? ?? ?? ?? ?? ?? ?? ?? ?? ?? ?? ??
0x000001000000080c:   ?? ?? ?? ?? ?? ?? ?? ?? ?? ?? ?? ?? ?? ?? ?? ??
0x000001000000081c:   ?? ?? ?? ?? ?? ?? ?? ?? ?? ?? ?? ?? ?? ?? ?? ??
0x000001000000082c:   ?? ?? ?? ?? ?? ?? ?? ?? ?? ?? ?? ?? ?? ?? ?? ??
0x000001000000083c:   ?? ?? ?? ?? ?? ?? ?? ?? ?? ?? ?? ?? ?? ?? ?? ??
0x000001000000084c:   ?? ?? ?? ?? ?? ?? ?? ?? ?? ?? ?? ?? ?? ?? ?? ??
0x000001000000085c:   ?? ?? ?? ?? ?? ?? ?? ?? ?? ?? ?? ?? ?? ?? ?? ??
0x000001000000086c:   ?? ?? ?? ?? ?? ?? ?? ?? ?? ?? ?? ?? ?? ?? ?? ??
0x000001000000087c:   ?? ?? ?? ?? ?? ?? ?? ?? ?? ?? ?? ?? ?? ?? ?? ??
0x000001000000088c:   ?? ?? ?? ?? ?? ?? ?? ?? ?? ?? ?? ?? ?? ?? ?? ??
0x000001000000089c:   ?? ?? ?? ?? ?? ?? ?? ?? ?? ?? ?? ?? ?? ?? ?? ??
0x00000100000008ac:   ?? ?? ?? ?? ?? ?? ?? ?? ?? ?? ?? ?? ?? ?? ?? ?? 


Stack slot to memory mapping:
stack at sp + 0 slots: 0x000007fee4b49293 jvm.dll
stack at sp + 1 slots: 0x0000000028c913f0 points into unknown readable memory: 0x000007fee4f1d3c0 | c0 d3 f1 e4 fe 07 00 00
stack at sp + 2 slots: 0x0000000000000002 is an unknown value
stack at sp + 3 slots: 0x0 is NULL
stack at sp + 4 slots: 0x000007fee4d8796e jvm.dll
stack at sp + 5 slots: 0x00000000250ddb58 points into unknown readable memory: 0x8000000800000001 | 01 00 00 00 08 00 00 80
stack at sp + 6 slots: 0x0000000000116d30 points into unknown readable memory: 0x000007fee4ebbe70 | 70 be eb e4 fe 07 00 00
stack at sp + 7 slots: 0x0 is NULL


---------------  P R O C E S S  ---------------

Threads class SMR info:
_java_thread_list=0x00000000292e2d80, length=14, elements={
0x000000000013e2f0, 0x00000000250c2dc0, 0x00000000250c3b40, 0x00000000250d6880,
0x00000000250d8200, 0x00000000250db7c0, 0x00000000250dc080, 0x00000000250dd120,
0x000000002571afe0, 0x000000002571b4f0, 0x000000002576bce0, 0x000000002706bb20,
0x00000000271e0da0, 0x00000000270e8cf0
}

Java Threads: ( => current thread )
  0x000000000013e2f0 JavaThread "main" [_thread_in_vm, id=5768, stack(0x0000000001e90000,0x0000000001f90000)]
  0x00000000250c2dc0 JavaThread "Reference Handler" daemon [_thread_blocked, id=5584, stack(0x00000000252f0000,0x00000000253f0000)]
  0x00000000250c3b40 JavaThread "Finalizer" daemon [_thread_blocked, id=984, stack(0x0000000026340000,0x0000000026440000)]
  0x00000000250d6880 JavaThread "Signal Dispatcher" daemon [_thread_blocked, id=1048, stack(0x0000000026510000,0x0000000026610000)]
  0x00000000250d8200 JavaThread "Attach Listener" daemon [_thread_blocked, id=5508, stack(0x0000000026630000,0x0000000026730000)]
  0x00000000250db7c0 JavaThread "Service Thread" daemon [_thread_blocked, id=4980, stack(0x00000000268b0000,0x00000000269b0000)]
  0x00000000250dc080 JavaThread "Monitor Deflation Thread" daemon [_thread_blocked, id=2520, stack(0x0000000026790000,0x0000000026890000)]
=>0x00000000250dd120 JavaThread "C2 CompilerThread0" daemon [_thread_in_native, id=5132, stack(0x0000000026a20000,0x0000000026b20000)]
  0x000000002571afe0 JavaThread "C1 CompilerThread0" daemon [_thread_blocked, id=4660, stack(0x0000000026200000,0x0000000026300000)]
  0x000000002571b4f0 JavaThread "Sweeper thread" daemon [_thread_blocked, id=1700, stack(0x0000000026cc0000,0x0000000026dc0000)]
  0x000000002576bce0 JavaThread "Common-Cleaner" daemon [_thread_blocked, id=6036, stack(0x0000000026e00000,0x0000000026f00000)]
  0x000000002706bb20 JavaThread "C2 CompilerThread1" daemon [_thread_in_native, id=4272, stack(0x0000000026b90000,0x0000000026c90000)]
  0x00000000271e0da0 JavaThread "Monitor Ctrl-Break" daemon [_thread_in_native, id=3564, stack(0x0000000027390000,0x0000000027490000)]
  0x00000000270e8cf0 JavaThread "Notification Thread" daemon [_thread_blocked, id=5216, stack(0x00000000274d0000,0x00000000275d0000)]

Other Threads:
  0x00000000250b9d60 VMThread "VM Thread" [stack: 0x00000000260f0000,0x00000000261f0000] [id=4452]
  0x00000000270e9640 WatcherThread [stack: 0x0000000027650000,0x0000000027750000] [id=1940]
  0x000000000018f4e0 GCTaskThread "GC Thread#0" [stack: 0x0000000022840000,0x0000000022940000] [id=5316]
  0x00000000278abfc0 GCTaskThread "GC Thread#1" [stack: 0x0000000028070000,0x0000000028170000] [id=848]
  0x00000000278ac270 GCTaskThread "GC Thread#2" [stack: 0x0000000028320000,0x0000000028420000] [id=540]
  0x00000000277f9060 GCTaskThread "GC Thread#3" [stack: 0x0000000028520000,0x0000000028620000] [id=5980]
  0x00000000001a2a40 ConcurrentGCThread "G1 Main Marker" [stack: 0x00000000229a0000,0x0000000022aa0000] [id=2796]
  0x00000000001a3f20 ConcurrentGCThread "G1 Conc#0" [stack: 0x0000000022bb0000,0x0000000022cb0000] [id=5408]
  0x00000000250929c0 ConcurrentGCThread "G1 Refine#0" [stack: 0x00000000251b0000,0x00000000252b0000] [id=4120]
  0x00000000277f9ae0 ConcurrentGCThread "G1 Refine#1" [stack: 0x0000000028660000,0x0000000028760000] [id=4456]
  0x00000000250932f0 ConcurrentGCThread "G1 Service" [stack: 0x0000000025490000,0x0000000025590000] [id=5968]

Threads with active compile tasks:
C2 CompilerThread0     1803 1572       4       sun.util.locale.BaseLocale::getInstance (149 bytes)
C2 CompilerThread1     1803 1656       4       jdk.internal.org.objectweb.asm.Frame::execute (2305 bytes)

VM state: not at safepoint (normal execution)

VM Mutex/Monitor currently owned by a thread:  ([mutex/lock_event])
[0x0000000000139be0] MethodCompileQueue_lock - owner thread: 0x0000000000000000

Heap address: 0x0000000700e00000, size: 4082 MB, Compressed Oops mode: Zero based, Oop shift amount: 3

CDS archive(s) mapped at: [0x0000000800000000-0x0000000800bc0000-0x0000000800bc0000), size 12320768, SharedBaseAddress: 0x0000000800000000, ArchiveRelocationMode: 0.
Compressed class space mapped at: 0x0000000800c00000-0x0000000840c00000, reserved size: 1073741824
Narrow klass base: 0x0000000800000000, Narrow klass shift: 0, Narrow klass range: 0x100000000

GC Precious Log:
 CPUs: 4 total, 4 available
 Memory: 16324M
 Large Page Support: Disabled
 NUMA Support: Disabled
 Compressed Oops: Enabled (Zero based)
 Heap Region Size: 2M
 Heap Min Capacity: 8M
 Heap Initial Capacity: 256M
 Heap Max Capacity: 4082M
 Pre-touch: Disabled
 Parallel Workers: 4
 Concurrent Workers: 1
 Concurrent Refinement Workers: 4
 Periodic GC: Disabled

Heap:
 garbage-first heap   total 262144K, used 16650K [0x0000000700e00000, 0x0000000800000000)
  region size 2048K, 8 young (16384K), 2 survivors (4096K)
 Metaspace       used 15066K, committed 15296K, reserved 1064960K
  class space    used 1857K, committed 1984K, reserved 1048576K

Heap Regions: E=young(eden), S=young(survivor), O=old, HS=humongous(starts), HC=humongous(continues), CS=collection set, F=free, OA=open archive, CA=closed archive, TAMS=top-at-mark-start (previous, next)
|   0|0x0000000700e00000, 0x0000000701000000, 0x0000000701000000|100%| O|  |TAMS 0x0000000700e00000, 0x0000000700e00000| Untracked 
|   1|0x0000000701000000, 0x00000007011e0000, 0x0000000701200000| 93%| O|  |TAMS 0x0000000701000000, 0x0000000701000000| Untracked 
|   2|0x0000000701200000, 0x0000000701200000, 0x0000000701400000|  0%| F|  |TAMS 0x0000000701200000, 0x0000000701200000| Untracked 
|   3|0x0000000701400000, 0x0000000701400000, 0x0000000701600000|  0%| F|  |TAMS 0x0000000701400000, 0x0000000701400000| Untracked 
|   4|0x0000000701600000, 0x0000000701600000, 0x0000000701800000|  0%| F|  |TAMS 0x0000000701600000, 0x0000000701600000| Untracked 
|   5|0x0000000701800000, 0x0000000701800000, 0x0000000701a00000|  0%| F|  |TAMS 0x0000000701800000, 0x0000000701800000| Untracked 
|   6|0x0000000701a00000, 0x0000000701a00000, 0x0000000701c00000|  0%| F|  |TAMS 0x0000000701a00000, 0x0000000701a00000| Untracked 
|   7|0x0000000701c00000, 0x0000000701c00000, 0x0000000701e00000|  0%| F|  |TAMS 0x0000000701c00000, 0x0000000701c00000| Untracked 
|   8|0x0000000701e00000, 0x0000000701e00000, 0x0000000702000000|  0%| F|  |TAMS 0x0000000701e00000, 0x0000000701e00000| Untracked 
|   9|0x0000000702000000, 0x0000000702000000, 0x0000000702200000|  0%| F|  |TAMS 0x0000000702000000, 0x0000000702000000| Untracked 
|  10|0x0000000702200000, 0x0000000702200000, 0x0000000702400000|  0%| F|  |TAMS 0x0000000702200000, 0x0000000702200000| Untracked 
|  11|0x0000000702400000, 0x0000000702400000, 0x0000000702600000|  0%| F|  |TAMS 0x0000000702400000, 0x0000000702400000| Untracked 
|  12|0x0000000702600000, 0x0000000702600000, 0x0000000702800000|  0%| F|  |TAMS 0x0000000702600000, 0x0000000702600000| Untracked 
|  13|0x0000000702800000, 0x0000000702800000, 0x0000000702a00000|  0%| F|  |TAMS 0x0000000702800000, 0x0000000702800000| Untracked 
|  14|0x0000000702a00000, 0x0000000702a00000, 0x0000000702c00000|  0%| F|  |TAMS 0x0000000702a00000, 0x0000000702a00000| Untracked 
|  15|0x0000000702c00000, 0x0000000702c00000, 0x0000000702e00000|  0%| F|  |TAMS 0x0000000702c00000, 0x0000000702c00000| Untracked 
|  16|0x0000000702e00000, 0x0000000702e00000, 0x0000000703000000|  0%| F|  |TAMS 0x0000000702e00000, 0x0000000702e00000| Untracked 
|  17|0x0000000703000000, 0x0000000703000000, 0x0000000703200000|  0%| F|  |TAMS 0x0000000703000000, 0x0000000703000000| Untracked 
|  18|0x0000000703200000, 0x0000000703200000, 0x0000000703400000|  0%| F|  |TAMS 0x0000000703200000, 0x0000000703200000| Untracked 
|  19|0x0000000703400000, 0x0000000703400000, 0x0000000703600000|  0%| F|  |TAMS 0x0000000703400000, 0x0000000703400000| Untracked 
|  20|0x0000000703600000, 0x0000000703600000, 0x0000000703800000|  0%| F|  |TAMS 0x0000000703600000, 0x0000000703600000| Untracked 
|  21|0x0000000703800000, 0x0000000703800000, 0x0000000703a00000|  0%| F|  |TAMS 0x0000000703800000, 0x0000000703800000| Untracked 
|  22|0x0000000703a00000, 0x0000000703a00000, 0x0000000703c00000|  0%| F|  |TAMS 0x0000000703a00000, 0x0000000703a00000| Untracked 
|  23|0x0000000703c00000, 0x0000000703c00000, 0x0000000703e00000|  0%| F|  |TAMS 0x0000000703c00000, 0x0000000703c00000| Untracked 
|  24|0x0000000703e00000, 0x0000000703e00000, 0x0000000704000000|  0%| F|  |TAMS 0x0000000703e00000, 0x0000000703e00000| Untracked 
|  25|0x0000000704000000, 0x0000000704000000, 0x0000000704200000|  0%| F|  |TAMS 0x0000000704000000, 0x0000000704000000| Untracked 
|  26|0x0000000704200000, 0x0000000704200000, 0x0000000704400000|  0%| F|  |TAMS 0x0000000704200000, 0x0000000704200000| Untracked 
|  27|0x0000000704400000, 0x0000000704400000, 0x0000000704600000|  0%| F|  |TAMS 0x0000000704400000, 0x0000000704400000| Untracked 
|  28|0x0000000704600000, 0x0000000704600000, 0x0000000704800000|  0%| F|  |TAMS 0x0000000704600000, 0x0000000704600000| Untracked 
|  29|0x0000000704800000, 0x0000000704800000, 0x0000000704a00000|  0%| F|  |TAMS 0x0000000704800000, 0x0000000704800000| Untracked 
|  30|0x0000000704a00000, 0x0000000704a00000, 0x0000000704c00000|  0%| F|  |TAMS 0x0000000704a00000, 0x0000000704a00000| Untracked 
|  31|0x0000000704c00000, 0x0000000704c00000, 0x0000000704e00000|  0%| F|  |TAMS 0x0000000704c00000, 0x0000000704c00000| Untracked 
|  32|0x0000000704e00000, 0x0000000704e00000, 0x0000000705000000|  0%| F|  |TAMS 0x0000000704e00000, 0x0000000704e00000| Untracked 
|  33|0x0000000705000000, 0x0000000705000000, 0x0000000705200000|  0%| F|  |TAMS 0x0000000705000000, 0x0000000705000000| Untracked 
|  34|0x0000000705200000, 0x0000000705200000, 0x0000000705400000|  0%| F|  |TAMS 0x0000000705200000, 0x0000000705200000| Untracked 
|  35|0x0000000705400000, 0x0000000705400000, 0x0000000705600000|  0%| F|  |TAMS 0x0000000705400000, 0x0000000705400000| Untracked 
|  36|0x0000000705600000, 0x0000000705600000, 0x0000000705800000|  0%| F|  |TAMS 0x0000000705600000, 0x0000000705600000| Untracked 
|  37|0x0000000705800000, 0x0000000705800000, 0x0000000705a00000|  0%| F|  |TAMS 0x0000000705800000, 0x0000000705800000| Untracked 
|  38|0x0000000705a00000, 0x0000000705a00000, 0x0000000705c00000|  0%| F|  |TAMS 0x0000000705a00000, 0x0000000705a00000| Untracked 
|  39|0x0000000705c00000, 0x0000000705c00000, 0x0000000705e00000|  0%| F|  |TAMS 0x0000000705c00000, 0x0000000705c00000| Untracked 
|  40|0x0000000705e00000, 0x0000000705e00000, 0x0000000706000000|  0%| F|  |TAMS 0x0000000705e00000, 0x0000000705e00000| Untracked 
|  41|0x0000000706000000, 0x0000000706000000, 0x0000000706200000|  0%| F|  |TAMS 0x0000000706000000, 0x0000000706000000| Untracked 
|  42|0x0000000706200000, 0x0000000706200000, 0x0000000706400000|  0%| F|  |TAMS 0x0000000706200000, 0x0000000706200000| Untracked 
|  43|0x0000000706400000, 0x0000000706400000, 0x0000000706600000|  0%| F|  |TAMS 0x0000000706400000, 0x0000000706400000| Untracked 
|  44|0x0000000706600000, 0x0000000706600000, 0x0000000706800000|  0%| F|  |TAMS 0x0000000706600000, 0x0000000706600000| Untracked 
|  45|0x0000000706800000, 0x0000000706800000, 0x0000000706a00000|  0%| F|  |TAMS 0x0000000706800000, 0x0000000706800000| Untracked 
|  46|0x0000000706a00000, 0x0000000706a00000, 0x0000000706c00000|  0%| F|  |TAMS 0x0000000706a00000, 0x0000000706a00000| Untracked 
|  47|0x0000000706c00000, 0x0000000706c00000, 0x0000000706e00000|  0%| F|  |TAMS 0x0000000706c00000, 0x0000000706c00000| Untracked 
|  48|0x0000000706e00000, 0x0000000706e00000, 0x0000000707000000|  0%| F|  |TAMS 0x0000000706e00000, 0x0000000706e00000| Untracked 
|  49|0x0000000707000000, 0x0000000707000000, 0x0000000707200000|  0%| F|  |TAMS 0x0000000707000000, 0x0000000707000000| Untracked 
|  50|0x0000000707200000, 0x0000000707200000, 0x0000000707400000|  0%| F|  |TAMS 0x0000000707200000, 0x0000000707200000| Untracked 
|  51|0x0000000707400000, 0x0000000707400000, 0x0000000707600000|  0%| F|  |TAMS 0x0000000707400000, 0x0000000707400000| Untracked 
|  52|0x0000000707600000, 0x0000000707600000, 0x0000000707800000|  0%| F|  |TAMS 0x0000000707600000, 0x0000000707600000| Untracked 
|  53|0x0000000707800000, 0x0000000707800000, 0x0000000707a00000|  0%| F|  |TAMS 0x0000000707800000, 0x0000000707800000| Untracked 
|  54|0x0000000707a00000, 0x0000000707a00000, 0x0000000707c00000|  0%| F|  |TAMS 0x0000000707a00000, 0x0000000707a00000| Untracked 
|  55|0x0000000707c00000, 0x0000000707c00000, 0x0000000707e00000|  0%| F|  |TAMS 0x0000000707c00000, 0x0000000707c00000| Untracked 
|  56|0x0000000707e00000, 0x0000000707e00000, 0x0000000708000000|  0%| F|  |TAMS 0x0000000707e00000, 0x0000000707e00000| Untracked 
|  57|0x0000000708000000, 0x0000000708000000, 0x0000000708200000|  0%| F|  |TAMS 0x0000000708000000, 0x0000000708000000| Untracked 
|  58|0x0000000708200000, 0x0000000708200000, 0x0000000708400000|  0%| F|  |TAMS 0x0000000708200000, 0x0000000708200000| Untracked 
|  59|0x0000000708400000, 0x0000000708400000, 0x0000000708600000|  0%| F|  |TAMS 0x0000000708400000, 0x0000000708400000| Untracked 
|  60|0x0000000708600000, 0x0000000708600000, 0x0000000708800000|  0%| F|  |TAMS 0x0000000708600000, 0x0000000708600000| Untracked 
|  61|0x0000000708800000, 0x0000000708800000, 0x0000000708a00000|  0%| F|  |TAMS 0x0000000708800000, 0x0000000708800000| Untracked 
|  62|0x0000000708a00000, 0x0000000708a00000, 0x0000000708c00000|  0%| F|  |TAMS 0x0000000708a00000, 0x0000000708a00000| Untracked 
|  63|0x0000000708c00000, 0x0000000708c00000, 0x0000000708e00000|  0%| F|  |TAMS 0x0000000708c00000, 0x0000000708c00000| Untracked 
|  64|0x0000000708e00000, 0x0000000708e00000, 0x0000000709000000|  0%| F|  |TAMS 0x0000000708e00000, 0x0000000708e00000| Untracked 
|  65|0x0000000709000000, 0x0000000709000000, 0x0000000709200000|  0%| F|  |TAMS 0x0000000709000000, 0x0000000709000000| Untracked 
|  66|0x0000000709200000, 0x0000000709200000, 0x0000000709400000|  0%| F|  |TAMS 0x0000000709200000, 0x0000000709200000| Untracked 
|  67|0x0000000709400000, 0x0000000709400000, 0x0000000709600000|  0%| F|  |TAMS 0x0000000709400000, 0x0000000709400000| Untracked 
|  68|0x0000000709600000, 0x0000000709600000, 0x0000000709800000|  0%| F|  |TAMS 0x0000000709600000, 0x0000000709600000| Untracked 
|  69|0x0000000709800000, 0x0000000709800000, 0x0000000709a00000|  0%| F|  |TAMS 0x0000000709800000, 0x0000000709800000| Untracked 
|  70|0x0000000709a00000, 0x0000000709a00000, 0x0000000709c00000|  0%| F|  |TAMS 0x0000000709a00000, 0x0000000709a00000| Untracked 
|  71|0x0000000709c00000, 0x0000000709c00000, 0x0000000709e00000|  0%| F|  |TAMS 0x0000000709c00000, 0x0000000709c00000| Untracked 
|  72|0x0000000709e00000, 0x0000000709e00000, 0x000000070a000000|  0%| F|  |TAMS 0x0000000709e00000, 0x0000000709e00000| Untracked 
|  73|0x000000070a000000, 0x000000070a000000, 0x000000070a200000|  0%| F|  |TAMS 0x000000070a000000, 0x000000070a000000| Untracked 
|  74|0x000000070a200000, 0x000000070a200000, 0x000000070a400000|  0%| F|  |TAMS 0x000000070a200000, 0x000000070a200000| Untracked 
|  75|0x000000070a400000, 0x000000070a400000, 0x000000070a600000|  0%| F|  |TAMS 0x000000070a400000, 0x000000070a400000| Untracked 
|  76|0x000000070a600000, 0x000000070a600000, 0x000000070a800000|  0%| F|  |TAMS 0x000000070a600000, 0x000000070a600000| Untracked 
|  77|0x000000070a800000, 0x000000070a800000, 0x000000070aa00000|  0%| F|  |TAMS 0x000000070a800000, 0x000000070a800000| Untracked 
|  78|0x000000070aa00000, 0x000000070aa00000, 0x000000070ac00000|  0%| F|  |TAMS 0x000000070aa00000, 0x000000070aa00000| Untracked 
|  79|0x000000070ac00000, 0x000000070ac00000, 0x000000070ae00000|  0%| F|  |TAMS 0x000000070ac00000, 0x000000070ac00000| Untracked 
|  80|0x000000070ae00000, 0x000000070ae00000, 0x000000070b000000|  0%| F|  |TAMS 0x000000070ae00000, 0x000000070ae00000| Untracked 
|  81|0x000000070b000000, 0x000000070b000000, 0x000000070b200000|  0%| F|  |TAMS 0x000000070b000000, 0x000000070b000000| Untracked 
|  82|0x000000070b200000, 0x000000070b200000, 0x000000070b400000|  0%| F|  |TAMS 0x000000070b200000, 0x000000070b200000| Untracked 
|  83|0x000000070b400000, 0x000000070b400000, 0x000000070b600000|  0%| F|  |TAMS 0x000000070b400000, 0x000000070b400000| Untracked 
|  84|0x000000070b600000, 0x000000070b600000, 0x000000070b800000|  0%| F|  |TAMS 0x000000070b600000, 0x000000070b600000| Untracked 
|  85|0x000000070b800000, 0x000000070b800000, 0x000000070ba00000|  0%| F|  |TAMS 0x000000070b800000, 0x000000070b800000| Untracked 
|  86|0x000000070ba00000, 0x000000070ba00000, 0x000000070bc00000|  0%| F|  |TAMS 0x000000070ba00000, 0x000000070ba00000| Untracked 
|  87|0x000000070bc00000, 0x000000070bc00000, 0x000000070be00000|  0%| F|  |TAMS 0x000000070bc00000, 0x000000070bc00000| Untracked 
|  88|0x000000070be00000, 0x000000070be00000, 0x000000070c000000|  0%| F|  |TAMS 0x000000070be00000, 0x000000070be00000| Untracked 
|  89|0x000000070c000000, 0x000000070c000000, 0x000000070c200000|  0%| F|  |TAMS 0x000000070c000000, 0x000000070c000000| Untracked 
|  90|0x000000070c200000, 0x000000070c200000, 0x000000070c400000|  0%| F|  |TAMS 0x000000070c200000, 0x000000070c200000| Untracked 
|  91|0x000000070c400000, 0x000000070c400000, 0x000000070c600000|  0%| F|  |TAMS 0x000000070c400000, 0x000000070c400000| Untracked 
|  92|0x000000070c600000, 0x000000070c600000, 0x000000070c800000|  0%| F|  |TAMS 0x000000070c600000, 0x000000070c600000| Untracked 
|  93|0x000000070c800000, 0x000000070c800000, 0x000000070ca00000|  0%| F|  |TAMS 0x000000070c800000, 0x000000070c800000| Untracked 
|  94|0x000000070ca00000, 0x000000070ca00000, 0x000000070cc00000|  0%| F|  |TAMS 0x000000070ca00000, 0x000000070ca00000| Untracked 
|  95|0x000000070cc00000, 0x000000070cc00000, 0x000000070ce00000|  0%| F|  |TAMS 0x000000070cc00000, 0x000000070cc00000| Untracked 
|  96|0x000000070ce00000, 0x000000070ce00000, 0x000000070d000000|  0%| F|  |TAMS 0x000000070ce00000, 0x000000070ce00000| Untracked 
|  97|0x000000070d000000, 0x000000070d000000, 0x000000070d200000|  0%| F|  |TAMS 0x000000070d000000, 0x000000070d000000| Untracked 
|  98|0x000000070d200000, 0x000000070d200000, 0x000000070d400000|  0%| F|  |TAMS 0x000000070d200000, 0x000000070d200000| Untracked 
|  99|0x000000070d400000, 0x000000070d400000, 0x000000070d600000|  0%| F|  |TAMS 0x000000070d400000, 0x000000070d400000| Untracked 
| 100|0x000000070d600000, 0x000000070d600000, 0x000000070d800000|  0%| F|  |TAMS 0x000000070d600000, 0x000000070d600000| Untracked 
| 101|0x000000070d800000, 0x000000070d800000, 0x000000070da00000|  0%| F|  |TAMS 0x000000070d800000, 0x000000070d800000| Untracked 
| 102|0x000000070da00000, 0x000000070da00000, 0x000000070dc00000|  0%| F|  |TAMS 0x000000070da00000, 0x000000070da00000| Untracked 
| 103|0x000000070dc00000, 0x000000070dc00000, 0x000000070de00000|  0%| F|  |TAMS 0x000000070dc00000, 0x000000070dc00000| Untracked 
| 104|0x000000070de00000, 0x000000070de00000, 0x000000070e000000|  0%| F|  |TAMS 0x000000070de00000, 0x000000070de00000| Untracked 
| 105|0x000000070e000000, 0x000000070e000000, 0x000000070e200000|  0%| F|  |TAMS 0x000000070e000000, 0x000000070e000000| Untracked 
| 106|0x000000070e200000, 0x000000070e200000, 0x000000070e400000|  0%| F|  |TAMS 0x000000070e200000, 0x000000070e200000| Untracked 
| 107|0x000000070e400000, 0x000000070e400000, 0x000000070e600000|  0%| F|  |TAMS 0x000000070e400000, 0x000000070e400000| Untracked 
| 108|0x000000070e600000, 0x000000070e600000, 0x000000070e800000|  0%| F|  |TAMS 0x000000070e600000, 0x000000070e600000| Untracked 
| 109|0x000000070e800000, 0x000000070e800000, 0x000000070ea00000|  0%| F|  |TAMS 0x000000070e800000, 0x000000070e800000| Untracked 
| 110|0x000000070ea00000, 0x000000070ea00000, 0x000000070ec00000|  0%| F|  |TAMS 0x000000070ea00000, 0x000000070ea00000| Untracked 
| 111|0x000000070ec00000, 0x000000070ec00000, 0x000000070ee00000|  0%| F|  |TAMS 0x000000070ec00000, 0x000000070ec00000| Untracked 
| 112|0x000000070ee00000, 0x000000070ee00000, 0x000000070f000000|  0%| F|  |TAMS 0x000000070ee00000, 0x000000070ee00000| Untracked 
| 113|0x000000070f000000, 0x000000070f000000, 0x000000070f200000|  0%| F|  |TAMS 0x000000070f000000, 0x000000070f000000| Untracked 
| 114|0x000000070f200000, 0x000000070f262ac0, 0x000000070f400000| 19%| S|CS|TAMS 0x000000070f200000, 0x000000070f200000| Complete 
| 115|0x000000070f400000, 0x000000070f600000, 0x000000070f600000|100%| S|CS|TAMS 0x000000070f400000, 0x000000070f400000| Complete 
| 116|0x000000070f600000, 0x000000070f600000, 0x000000070f800000|  0%| F|  |TAMS 0x000000070f600000, 0x000000070f600000| Untracked 
| 117|0x000000070f800000, 0x000000070f800000, 0x000000070fa00000|  0%| F|  |TAMS 0x000000070f800000, 0x000000070f800000| Untracked 
| 118|0x000000070fa00000, 0x000000070fa00000, 0x000000070fc00000|  0%| F|  |TAMS 0x000000070fa00000, 0x000000070fa00000| Untracked 
| 119|0x000000070fc00000, 0x000000070fc00000, 0x000000070fe00000|  0%| F|  |TAMS 0x000000070fc00000, 0x000000070fc00000| Untracked 
| 120|0x000000070fe00000, 0x000000070fe00000, 0x0000000710000000|  0%| F|  |TAMS 0x000000070fe00000, 0x000000070fe00000| Untracked 
| 121|0x0000000710000000, 0x0000000710000000, 0x0000000710200000|  0%| F|  |TAMS 0x0000000710000000, 0x0000000710000000| Untracked 
| 122|0x0000000710200000, 0x00000007103caa98, 0x0000000710400000| 89%| E|  |TAMS 0x0000000710200000, 0x0000000710200000| Complete 
| 123|0x0000000710400000, 0x0000000710600000, 0x0000000710600000|100%| E|CS|TAMS 0x0000000710400000, 0x0000000710400000| Complete 
| 124|0x0000000710600000, 0x0000000710800000, 0x0000000710800000|100%| E|CS|TAMS 0x0000000710600000, 0x0000000710600000| Complete 
| 125|0x0000000710800000, 0x0000000710a00000, 0x0000000710a00000|100%| E|CS|TAMS 0x0000000710800000, 0x0000000710800000| Complete 
| 126|0x0000000710a00000, 0x0000000710c00000, 0x0000000710c00000|100%| E|CS|TAMS 0x0000000710a00000, 0x0000000710a00000| Complete 
| 127|0x0000000710c00000, 0x0000000710e00000, 0x0000000710e00000|100%| E|CS|TAMS 0x0000000710c00000, 0x0000000710c00000| Complete 

Card table byte_map: [0x0000000019880000,0x000000001a080000] _byte_map_base: 0x0000000016079000

Marking Bits (Prev, Next): (CMBitMap*) 0x0000000000191a00, (CMBitMap*) 0x0000000000191a40
 Prev Bits: [0x000000001a880000, 0x000000001e848000)
 Next Bits: [0x000000001e850000, 0x0000000022818000)

Polling page: 0x00000000000a0000

Metaspace:

Usage:
  Non-class:     12.91 MB used.
      Class:      1.81 MB used.
       Both:     14.72 MB used.

Virtual space:
  Non-class space:       16.00 MB reserved,      13.00 MB ( 81%) committed,  2 nodes.
      Class space:        1.00 GB reserved,       1.94 MB ( <1%) committed,  1 nodes.
             Both:        1.02 GB reserved,      14.94 MB (  1%) committed. 

Chunk freelists:
   Non-Class:  3.00 MB
       Class:  2.05 MB
        Both:  5.05 MB

MaxMetaspaceSize: unlimited
CompressedClassSpaceSize: 1.00 GB
Initial GC threshold: 21.00 MB
Current GC threshold: 21.00 MB
CDS: on
MetaspaceReclaimPolicy: balanced
 - commit_granule_bytes: 65536.
 - commit_granule_words: 8192.
 - virtual_space_node_default_size: 1048576.
 - enlarge_chunks_in_place: 1.
 - new_chunks_are_fully_committed: 0.
 - uncommit_free_chunks: 1.
 - use_allocation_guard: 0.
 - handle_deallocations: 1.


Internal statistics:

num_allocs_failed_limit: 0.
num_arena_births: 158.
num_arena_deaths: 0.
num_vsnodes_births: 3.
num_vsnodes_deaths: 0.
num_space_committed: 239.
num_space_uncommitted: 0.
num_chunks_returned_to_freelist: 0.
num_chunks_taken_from_freelist: 619.
num_chunk_merges: 0.
num_chunk_splits: 436.
num_chunks_enlarged: 356.
num_purges: 0.
num_inconsistent_stats: 0.

CodeHeap 'non-profiled nmethods': size=120000Kb used=588Kb max_used=588Kb free=119411Kb
 bounds [0x0000000011620000, 0x0000000011890000, 0x0000000018b50000]
CodeHeap 'profiled nmethods': size=120000Kb used=3508Kb max_used=3508Kb free=116491Kb
 bounds [0x000000000a0f0000, 0x000000000a460000, 0x0000000011620000]
CodeHeap 'non-nmethods': size=5760Kb used=1165Kb max_used=1180Kb free=4594Kb
 bounds [0x0000000009b50000, 0x0000000009dc0000, 0x000000000a0f0000]
 total_blobs=2312 nmethods=1853 adapters=372
 compilation: enabled
              stopped_count=0, restarted_count=0
 full_count=0

Compilation events (20 events):
Event: 1.670 Thread 0x000000002571afe0 1773       3       java.lang.String::codePointAt (50 bytes)
Event: 1.670 Thread 0x000000002571afe0 nmethod 1773 0x000000000a42ed10 code [0x000000000a42ef00, 0x000000000a42f2a8]
Event: 1.673 Thread 0x000000002571afe0 1774       3       java.lang.Class::newReflectionData (66 bytes)
Event: 1.674 Thread 0x000000002571afe0 nmethod 1774 0x000000000a42f490 code [0x000000000a42f6a0, 0x000000000a42ffb8]
Event: 1.675 Thread 0x000000002571afe0 1775       3       java.lang.invoke.DirectMethodHandle::shouldBeInitialized (127 bytes)
Event: 1.675 Thread 0x000000002571afe0 nmethod 1775 0x000000000a430290 code [0x000000000a430500, 0x000000000a430ef8]
Event: 1.678 Thread 0x000000002571afe0 1776       3       java.util.LinkedHashMap::<init> (10 bytes)
Event: 1.679 Thread 0x000000002571afe0 nmethod 1776 0x000000000a431190 code [0x000000000a431340, 0x000000000a431578]
Event: 1.679 Thread 0x000000002571afe0 1777       3       org.springframework.util.ConcurrentReferenceHashMap::put (8 bytes)
Event: 1.679 Thread 0x000000002571afe0 nmethod 1777 0x000000000a431690 code [0x000000000a431820, 0x000000000a431968]
Event: 1.679 Thread 0x000000002571afe0 1778       3       org.springframework.core.annotation.RepeatableContainers::standardRepeatables (4 bytes)
Event: 1.680 Thread 0x000000002571afe0 nmethod 1778 0x000000000a431a10 code [0x000000000a431ba0, 0x000000000a431cf8]
Event: 1.682 Thread 0x000000002571afe0 1779       3       java.lang.Class::privateGetDeclaredConstructors (79 bytes)
Event: 1.682 Thread 0x000000002571afe0 nmethod 1779 0x000000000a431d90 code [0x000000000a431f80, 0x000000000a4324e8]
Event: 1.683 Thread 0x000000002571afe0 1780  s    3       java.util.Properties::put (10 bytes)
Event: 1.683 Thread 0x000000002571afe0 nmethod 1780 0x000000000a432690 code [0x000000000a432840, 0x000000000a432aa8]
Event: 1.683 Thread 0x000000002571afe0 1781       3       jdk.internal.reflect.ReflectionFactory::copyConstructor (11 bytes)
Event: 1.683 Thread 0x000000002571afe0 nmethod 1781 0x000000000a432b90 code [0x000000000a432d40, 0x000000000a432f48]
Event: 1.683 Thread 0x000000002571afe0 1782       3       java.lang.reflect.ReflectAccess::copyConstructor (5 bytes)
Event: 1.683 Thread 0x000000002571afe0 nmethod 1782 0x000000000a433090 code [0x000000000a433240, 0x000000000a433388]

GC Heap History (6 events):
Event: 0.591 GC heap before
{Heap before GC invocations=0 (full 0):
 garbage-first heap   total 262144K, used 10240K [0x0000000700e00000, 0x0000000800000000)
  region size 2048K, 6 young (12288K), 0 survivors (0K)
 Metaspace       used 3554K, committed 3648K, reserved 1056768K
  class space    used 374K, committed 384K, reserved 1048576K
}
Event: 0.599 GC heap after
{Heap after GC invocations=1 (full 0):
 garbage-first heap   total 262144K, used 3981K [0x0000000700e00000, 0x0000000800000000)
  region size 2048K, 1 young (2048K), 1 survivors (2048K)
 Metaspace       used 3554K, committed 3648K, reserved 1056768K
  class space    used 374K, committed 384K, reserved 1048576K
}
Event: 1.000 GC heap before
{Heap before GC invocations=1 (full 0):
 garbage-first heap   total 262144K, used 14221K [0x0000000700e00000, 0x0000000800000000)
  region size 2048K, 6 young (12288K), 1 survivors (2048K)
 Metaspace       used 6369K, committed 6592K, reserved 1056768K
  class space    used 771K, committed 896K, reserved 1048576K
}
Event: 1.006 GC heap after
{Heap after GC invocations=2 (full 0):
 garbage-first heap   total 262144K, used 5061K [0x0000000700e00000, 0x0000000800000000)
  region size 2048K, 1 young (2048K), 1 survivors (2048K)
 Metaspace       used 6369K, committed 6592K, reserved 1056768K
  class space    used 771K, committed 896K, reserved 1048576K
}
Event: 1.552 GC heap before
{Heap before GC invocations=2 (full 0):
 garbage-first heap   total 262144K, used 25541K [0x0000000700e00000, 0x0000000800000000)
  region size 2048K, 12 young (24576K), 1 survivors (2048K)
 Metaspace       used 12787K, committed 12992K, reserved 1064960K
  class space    used 1551K, committed 1664K, reserved 1048576K
}
Event: 1.557 GC heap after
{Heap after GC invocations=3 (full 0):
 garbage-first heap   total 262144K, used 6410K [0x0000000700e00000, 0x0000000800000000)
  region size 2048K, 2 young (4096K), 2 survivors (4096K)
 Metaspace       used 12787K, committed 12992K, reserved 1064960K
  class space    used 1551K, committed 1664K, reserved 1048576K
}

Deoptimization events (20 events):
Event: 1.590 Thread 0x000000000013e2f0 DEOPT PACKING pc=0x0000000011650fb8 sp=0x0000000001f8e340
Event: 1.590 Thread 0x000000000013e2f0 DEOPT UNPACKING pc=0x0000000009ba23a3 sp=0x0000000001f8e1f0 mode 2
Event: 1.590 Thread 0x000000000013e2f0 Uncommon trap: trap_request=0xffffff45 fr.pc=0x000000001164f23c relative=0x00000000000005dc
Event: 1.590 Thread 0x000000000013e2f0 Uncommon trap: reason=unstable_if action=reinterpret pc=0x000000001164f23c method=java.util.zip.ZipCoder.hash(Ljava/lang/String;)I @ 23 c2
Event: 1.590 Thread 0x000000000013e2f0 DEOPT PACKING pc=0x000000001164f23c sp=0x0000000001f8e2b0
Event: 1.590 Thread 0x000000000013e2f0 DEOPT UNPACKING pc=0x0000000009ba23a3 sp=0x0000000001f8e1e0 mode 2
Event: 1.590 Thread 0x000000000013e2f0 Uncommon trap: trap_request=0xffffff45 fr.pc=0x000000001164cc58 relative=0x0000000000000238
Event: 1.590 Thread 0x000000000013e2f0 Uncommon trap: reason=unstable_if action=reinterpret pc=0x000000001164cc58 method=java.util.zip.ZipCoder.hash(Ljava/lang/String;)I @ 23 c2
Event: 1.590 Thread 0x000000000013e2f0 DEOPT PACKING pc=0x000000001164cc58 sp=0x0000000001f8e240
Event: 1.590 Thread 0x000000000013e2f0 DEOPT UNPACKING pc=0x0000000009ba23a3 sp=0x0000000001f8e1d8 mode 2
Event: 1.594 Thread 0x000000000013e2f0 Uncommon trap: trap_request=0xffffff45 fr.pc=0x000000001168e954 relative=0x00000000000001b4
Event: 1.594 Thread 0x000000000013e2f0 Uncommon trap: reason=unstable_if action=reinterpret pc=0x000000001168e954 method=java.util.StringTokenizer.skipDelimiters(I)I @ 64 c2
Event: 1.594 Thread 0x000000000013e2f0 DEOPT PACKING pc=0x000000001168e954 sp=0x0000000001f8e2a0
Event: 1.594 Thread 0x000000000013e2f0 DEOPT UNPACKING pc=0x0000000009ba23a3 sp=0x0000000001f8e230 mode 2
Event: 1.594 Thread 0x000000000013e2f0 Uncommon trap: trap_request=0xffffff45 fr.pc=0x0000000011648d78 relative=0x00000000000001d8
Event: 1.594 Thread 0x000000000013e2f0 Uncommon trap: reason=unstable_if action=reinterpret pc=0x0000000011648d78 method=java.util.StringTokenizer.scanToken(I)I @ 42 c2
Event: 1.594 Thread 0x000000000013e2f0 DEOPT PACKING pc=0x0000000011648d78 sp=0x0000000001f8e290
Event: 1.594 Thread 0x000000000013e2f0 DEOPT UNPACKING pc=0x0000000009ba23a3 sp=0x0000000001f8e220 mode 2
Event: 1.660 Thread 0x0000000027dd1020 DEOPT PACKING pc=0x000000000a407818 sp=0x0000000028c0ad50
Event: 1.660 Thread 0x0000000027dd1020 DEOPT UNPACKING pc=0x0000000009ba2b43 sp=0x0000000028c0a258 mode 0

Classes unloaded (0 events):
No events

Classes redefined (0 events):
No events

Internal exceptions (20 events):
Event: 1.139 Thread 0x000000000013e2f0 Exception <a 'java/lang/NoSuchMethodError'{0x0000000710b571e0}: 'void java.lang.invoke.DirectMethodHandle$Holder.invokeSpecial(java.lang.Object, java.lang.Object, java.lang.Object, java.lang.Object, java.lang.Object)'> (0x0000000710b571e0) 
thrown [t:\workspace\open\src\hotspot\share\interpreter\linkResolver.cpp, line 766]
Event: 1.148 Thread 0x0000000027dd1020 Exception <a 'java/lang/NoClassDefFoundError'{0x0000000710bd25b0}: javax/validation/Validation> (0x0000000710bd25b0) 
thrown [t:\workspace\open\src\hotspot\share\classfile\systemDictionary.cpp, line 245]
Event: 1.263 Thread 0x0000000027dd1020 Exception <a 'java/lang/NoSuchMethodError'{0x00000007107717b8}: 'java.lang.Object java.lang.invoke.DirectMethodHandle$Holder.invokeStaticInit(java.lang.Object, java.lang.Object, java.lang.Object)'> (0x00000007107717b8) 
thrown [t:\workspace\open\src\hotspot\share\interpreter\linkResolver.cpp, line 766]
Event: 1.264 Thread 0x0000000027dd1020 Exception <a 'java/lang/NoSuchMethodError'{0x00000007107776a8}: 'java.lang.Object java.lang.invoke.DirectMethodHandle$Holder.invokeStaticInit(java.lang.Object, java.lang.Object, java.lang.Object, java.lang.Object, java.lang.Object)'> (0x00000007107776a8) 
thrown [t:\workspace\open\src\hotspot\share\interpreter\linkResolver.cpp, line 766]
Event: 1.337 Thread 0x000000000013e2f0 Exception <a 'java/lang/NoSuchMethodError'{0x0000000710519bd0}: 'org.slf4j.impl.StaticMDCBinder org.slf4j.impl.StaticMDCBinder.getSingleton()'> (0x0000000710519bd0) 
thrown [t:\workspace\open\src\hotspot\share\interpreter\linkResolver.cpp, line 766]
Event: 1.527 Thread 0x000000000013e2f0 Exception <a 'java/lang/ClassNotFoundException'{0x000000070f66c1c8}: java/lang/ObjectCustomizer> (0x000000070f66c1c8) 
thrown [t:\workspace\open\src\hotspot\share\classfile\systemDictionary.cpp, line 256]
Event: 1.530 Thread 0x000000000013e2f0 Exception <a 'java/lang/IncompatibleClassChangeError'{0x000000070f6711a8}: Found class java.lang.Object, but interface was expected> (0x000000070f6711a8) 
thrown [t:\workspace\open\src\hotspot\share\interpreter\linkResolver.cpp, line 833]
Event: 1.537 Thread 0x000000000013e2f0 Exception <a 'java/lang/ClassNotFoundException'{0x000000070f688470}: org/springframework/context/annotation/ConfigurationClassPostProcessorCustomizer> (0x000000070f688470) 
thrown [t:\workspace\open\src\hotspot\share\classfile\systemDictionary.cpp, line 256]
Event: 1.545 Thread 0x000000000013e2f0 Exception <a 'java/lang/ClassNotFoundException'{0x000000070f7c3ee0}: org/springframework/beans/factory/support/BeanDefinitionRegistryPostProcessorCustomizer> (0x000000070f7c3ee0) 
thrown [t:\workspace\open\src\hotspot\share\classfile\systemDictionary.cpp, line 256]
Event: 1.546 Thread 0x000000000013e2f0 Exception <a 'java/lang/ClassNotFoundException'{0x000000070f7c7740}: org/springframework/beans/factory/config/BeanFactoryPostProcessorCustomizer> (0x000000070f7c7740) 
thrown [t:\workspace\open\src\hotspot\share\classfile\systemDictionary.cpp, line 256]
Event: 1.546 Thread 0x000000000013e2f0 Exception <a 'java/lang/ClassNotFoundException'{0x000000070f7cb008}: org/springframework/core/PriorityOrderedCustomizer> (0x000000070f7cb008) 
thrown [t:\workspace\open\src\hotspot\share\classfile\systemDictionary.cpp, line 256]
Event: 1.547 Thread 0x000000000013e2f0 Exception <a 'java/lang/ClassNotFoundException'{0x000000070f7cd5e8}: org/springframework/core/OrderedCustomizer> (0x000000070f7cd5e8) 
thrown [t:\workspace\open\src\hotspot\share\classfile\systemDictionary.cpp, line 256]
Event: 1.547 Thread 0x000000000013e2f0 Exception <a 'java/lang/ClassNotFoundException'{0x000000070f7d0c70}: org/springframework/context/ResourceLoaderAwareCustomizer> (0x000000070f7d0c70) 
thrown [t:\workspace\open\src\hotspot\share\classfile\systemDictionary.cpp, line 256]
Event: 1.547 Thread 0x000000000013e2f0 Exception <a 'java/lang/ClassNotFoundException'{0x000000070f7d4510}: org/springframework/beans/factory/AwareCustomizer> (0x000000070f7d4510) 
thrown [t:\workspace\open\src\hotspot\share\classfile\systemDictionary.cpp, line 256]
Event: 1.548 Thread 0x000000000013e2f0 Exception <a 'java/lang/ClassNotFoundException'{0x000000070f7d6cd8}: org/springframework/context/ApplicationStartupAwareCustomizer> (0x000000070f7d6cd8) 
thrown [t:\workspace\open\src\hotspot\share\classfile\systemDictionary.cpp, line 256]
Event: 1.548 Thread 0x000000000013e2f0 Exception <a 'java/lang/ClassNotFoundException'{0x000000070f7da800}: org/springframework/beans/factory/AwareCustomizer> (0x000000070f7da800) 
thrown [t:\workspace\open\src\hotspot\share\classfile\systemDictionary.cpp, line 256]
Event: 1.548 Thread 0x000000000013e2f0 Exception <a 'java/lang/ClassNotFoundException'{0x000000070f7dcf30}: org/springframework/beans/factory/BeanClassLoaderAwareCustomizer> (0x000000070f7dcf30) 
thrown [t:\workspace\open\src\hotspot\share\classfile\systemDictionary.cpp, line 256]
Event: 1.549 Thread 0x000000000013e2f0 Exception <a 'java/lang/ClassNotFoundException'{0x000000070f7e07b8}: org/springframework/beans/factory/AwareCustomizer> (0x000000070f7e07b8) 
thrown [t:\workspace\open\src\hotspot\share\classfile\systemDictionary.cpp, line 256]
Event: 1.549 Thread 0x000000000013e2f0 Exception <a 'java/lang/ClassNotFoundException'{0x000000070f7e2dd8}: org/springframework/context/EnvironmentAwareCustomizer> (0x000000070f7e2dd8) 
thrown [t:\workspace\open\src\hotspot\share\classfile\systemDictionary.cpp, line 256]
Event: 1.549 Thread 0x000000000013e2f0 Exception <a 'java/lang/ClassNotFoundException'{0x000000070f7e65f8}: org/springframework/beans/factory/AwareCustomizer> (0x000000070f7e65f8) 
thrown [t:\workspace\open\src\hotspot\share\classfile\systemDictionary.cpp, line 256]

VM Operations (18 events):
Event: 0.468 Executing VM operation: HandshakeAllThreads
Event: 0.468 Executing VM operation: HandshakeAllThreads done
Event: 0.591 Executing VM operation: G1CollectForAllocation
Event: 0.602 Executing VM operation: G1CollectForAllocation done
Event: 0.697 Executing VM operation: HandshakeAllThreads
Event: 0.697 Executing VM operation: HandshakeAllThreads done
Event: 1.000 Executing VM operation: G1CollectForAllocation
Event: 1.007 Executing VM operation: G1CollectForAllocation done
Event: 1.165 Executing VM operation: HandshakeAllThreads
Event: 1.166 Executing VM operation: HandshakeAllThreads done
Event: 1.166 Executing VM operation: HandshakeAllThreads
Event: 1.166 Executing VM operation: HandshakeAllThreads done
Event: 1.486 Executing VM operation: HandshakeAllThreads
Event: 1.486 Executing VM operation: HandshakeAllThreads done
Event: 1.552 Executing VM operation: G1CollectForAllocation
Event: 1.558 Executing VM operation: G1CollectForAllocation done
Event: 1.581 Executing VM operation: HandshakeAllThreads
Event: 1.581 Executing VM operation: HandshakeAllThreads done

Events (20 events):
Event: 1.561 loading class java/util/concurrent/ConcurrentLinkedDeque$AbstractItr done
Event: 1.561 loading class java/util/concurrent/ConcurrentLinkedDeque$Itr done
Event: 1.577 loading class java/net/SocketException
Event: 1.577 loading class java/net/SocketException done
Event: 1.595 loading class java/util/regex/Pattern$LazyLoop
Event: 1.595 loading class java/util/regex/Pattern$Loop
Event: 1.595 loading class java/util/regex/Pattern$Loop done
Event: 1.595 loading class java/util/regex/Pattern$LazyLoop done
Event: 1.595 loading class java/util/regex/Pattern$Prolog
Event: 1.595 loading class java/util/regex/Pattern$Prolog done
Event: 1.603 loading class java/lang/AssertionError
Event: 1.603 loading class java/lang/AssertionError done
Event: 1.638 loading class sun/net/ProgressMonitor
Event: 1.639 loading class sun/net/ProgressMonitor done
Event: 1.639 loading class sun/net/DefaultProgressMeteringPolicy
Event: 1.639 loading class sun/net/ProgressMeteringPolicy
Event: 1.639 loading class sun/net/ProgressMeteringPolicy done
Event: 1.639 loading class sun/net/DefaultProgressMeteringPolicy done
Event: 1.670 loading class java/util/regex/Pattern$BnM
Event: 1.670 loading class java/util/regex/Pattern$BnM done


Dynamic libraries:
0x000000013f1b0000 - 0x000000013f1be000 	D:\OracleOpenJDK17\bin\java.exe
0x0000000077b30000 - 0x0000000077ccf000 	C:\Windows\SYSTEM32\ntdll.dll
0x0000000077910000 - 0x0000000077a2f000 	C:\Windows\system32\kernel32.dll
0x000007fefe2d0000 - 0x000007fefe33a000 	C:\Windows\system32\KERNELBASE.dll
0x000007feee5b0000 - 0x000007feee5c8000 	D:\OracleOpenJDK17\bin\jli.dll
0x000007fefb400000 - 0x000007fefb5f4000 	C:\Windows\WinSxS\amd64_microsoft.windows.common-controls_6595b64144ccf1df_6.0.7601.17514_none_fa396087175ac9ac\COMCTL32.dll
0x000007feff4a0000 - 0x000007feff53f000 	C:\Windows\system32\msvcrt.dll
0x000007feff240000 - 0x000007feff2a7000 	C:\Windows\system32\GDI32.dll
0x0000000077a30000 - 0x0000000077b2a000 	C:\Windows\system32\USER32.dll
0x000007feff490000 - 0x000007feff49e000 	C:\Windows\system32\LPK.dll
0x000007feffd00000 - 0x000007feffdc9000 	C:\Windows\system32\USP10.dll
0x000007feffc80000 - 0x000007feffcf1000 	C:\Windows\system32\SHLWAPI.dll
0x000007feee5d0000 - 0x000007feee5ea000 	D:\OracleOpenJDK17\bin\VCRUNTIME140.dll
0x000007feee590000 - 0x000007feee594000 	D:\OracleOpenJDK17\bin\api-ms-win-crt-runtime-l1-1-0.dll
0x000007feec780000 - 0x000007feec87a000 	D:\OracleOpenJDK17\bin\ucrtbase.DLL
0x000007feee5a0000 - 0x000007feee5a3000 	D:\OracleOpenJDK17\bin\api-ms-win-core-localization-l1-2-0.dll
0x000007feee580000 - 0x000007feee583000 	D:\OracleOpenJDK17\bin\api-ms-win-core-processthreads-l1-1-1.dll
0x000007feee570000 - 0x000007feee573000 	D:\OracleOpenJDK17\bin\api-ms-win-core-file-l1-2-0.dll
0x000007feee560000 - 0x000007feee563000 	D:\OracleOpenJDK17\bin\api-ms-win-core-timezone-l1-1-0.dll
0x000007feee550000 - 0x000007feee553000 	D:\OracleOpenJDK17\bin\api-ms-win-core-file-l2-1-0.dll
0x000007feee540000 - 0x000007feee543000 	D:\OracleOpenJDK17\bin\api-ms-win-core-synch-l1-2-0.dll
0x000007feee530000 - 0x000007feee533000 	D:\OracleOpenJDK17\bin\api-ms-win-crt-heap-l1-1-0.dll
0x000007feee520000 - 0x000007feee524000 	D:\OracleOpenJDK17\bin\api-ms-win-crt-string-l1-1-0.dll
0x000007feee510000 - 0x000007feee514000 	D:\OracleOpenJDK17\bin\api-ms-win-crt-stdio-l1-1-0.dll
0x000007feee500000 - 0x000007feee504000 	D:\OracleOpenJDK17\bin\api-ms-win-crt-convert-l1-1-0.dll
0x000007feee4f0000 - 0x000007feee4f3000 	D:\OracleOpenJDK17\bin\api-ms-win-crt-environment-l1-1-0.dll
0x000007feee4e0000 - 0x000007feee4e3000 	D:\OracleOpenJDK17\bin\api-ms-win-crt-filesystem-l1-1-0.dll
0x000007feee4d0000 - 0x000007feee4d5000 	D:\OracleOpenJDK17\bin\api-ms-win-crt-math-l1-1-0.dll
0x000007feee4c0000 - 0x000007feee4c3000 	D:\OracleOpenJDK17\bin\api-ms-win-crt-locale-l1-1-0.dll
0x000007feff660000 - 0x000007feff68e000 	C:\Windows\system32\IMM32.DLL
0x000007feff540000 - 0x000007feff649000 	C:\Windows\system32\MSCTF.dll
0x000007feee4b0000 - 0x000007feee4bc000 	D:\OracleOpenJDK17\bin\vcruntime140_1.dll
0x000007feecd00000 - 0x000007feecd8d000 	D:\OracleOpenJDK17\bin\msvcp140.dll
0x000007feee4a0000 - 0x000007feee4a3000 	D:\OracleOpenJDK17\bin\api-ms-win-crt-time-l1-1-0.dll
0x000007feee480000 - 0x000007feee483000 	D:\OracleOpenJDK17\bin\api-ms-win-crt-utility-l1-1-0.dll
0x000007fee45d0000 - 0x000007fee518e000 	D:\OracleOpenJDK17\bin\server\jvm.dll
0x000007feff3b0000 - 0x000007feff48b000 	C:\Windows\system32\ADVAPI32.dll
0x000007fefe340000 - 0x000007fefe35f000 	C:\Windows\SYSTEM32\sechost.dll
0x000007feff110000 - 0x000007feff23c000 	C:\Windows\system32\RPCRT4.dll
0x000007fefbbe0000 - 0x000007fefbbe9000 	C:\Windows\system32\WSOCK32.dll
0x000007feffdd0000 - 0x000007feffe1d000 	C:\Windows\system32\WS2_32.dll
0x000007feff650000 - 0x000007feff658000 	C:\Windows\system32\NSI.dll
0x000007fefba40000 - 0x000007fefba7b000 	C:\Windows\system32\WINMM.dll
0x000007fefd210000 - 0x000007fefd21c000 	C:\Windows\system32\VERSION.dll
0x0000000077ce0000 - 0x0000000077ce7000 	C:\Windows\system32\PSAPI.DLL
0x000007feee470000 - 0x000007feee47a000 	D:\OracleOpenJDK17\bin\jimage.dll
0x000007fefba80000 - 0x000007fefbba5000 	C:\Windows\system32\DBGHELP.DLL
0x000007feecf30000 - 0x000007feecf3e000 	D:\OracleOpenJDK17\bin\instrument.dll
0x000007feeccd0000 - 0x000007feeccf5000 	D:\OracleOpenJDK17\bin\java.dll
0x000007feebfa0000 - 0x000007feec076000 	D:\OracleOpenJDK17\bin\svml.dll
0x000007fefe360000 - 0x000007feff0e8000 	C:\Windows\system32\SHELL32.dll
0x000007feffa70000 - 0x000007feffc73000 	C:\Windows\system32\ole32.dll
0x000007fefdf70000 - 0x000007fefdf7f000 	C:\Windows\system32\profapi.dll
0x000007feecb50000 - 0x000007feecb68000 	D:\OracleOpenJDK17\bin\zip.dll
0x000007feecca0000 - 0x000007feeccb9000 	D:\OracleOpenJDK17\bin\net.dll
0x000007fef77d0000 - 0x000007fef7841000 	C:\Windows\system32\WINHTTP.dll
0x000007fef7210000 - 0x000007fef7274000 	C:\Windows\system32\webio.dll
0x000007fefd750000 - 0x000007fefd7a5000 	C:\Windows\system32\mswsock.dll
0x000007fefd740000 - 0x000007fefd747000 	C:\Windows\System32\wship6.dll
0x000007feecc10000 - 0x000007feecc25000 	D:\OracleOpenJDK17\bin\nio.dll
0x000007feec750000 - 0x000007feec76a000 	D:\IntelliJ IDEA Community Edition 2021.2.2\bin\breakgen64.dll
0x000007feec770000 - 0x000007feec780000 	D:\OracleOpenJDK17\bin\verify.dll
0x000007feec740000 - 0x000007feec749000 	D:\OracleOpenJDK17\bin\management.dll
0x000007feec730000 - 0x000007feec73b000 	D:\OracleOpenJDK17\bin\management_ext.dll
0x000007fefbbc0000 - 0x000007fefbbd5000 	C:\Windows\system32\NLAapi.dll
0x000007fef4ae0000 - 0x000007fef4af5000 	C:\Windows\system32\napinsp.dll
0x000007fef4ac0000 - 0x000007fef4ad9000 	C:\Windows\system32\pnrpnsp.dll
0x000007fefd5d0000 - 0x000007fefd62b000 	C:\Windows\system32\DNSAPI.dll
0x000007fef4ab0000 - 0x000007fef4abb000 	C:\Windows\System32\winrnr.dll
0x000007fefc870000 - 0x000007fefc877000 	C:\Windows\System32\wshtcpip.dll
0x000007fefcf90000 - 0x000007fefcfb7000 	C:\Windows\system32\IPHLPAPI.DLL
0x000007fefcf80000 - 0x000007fefcf8b000 	C:\Windows\system32\WINNSI.DLL
0x000007fef9000000 - 0x000007fef9008000 	C:\Windows\system32\rasadhlp.dll
0x000007fefa100000 - 0x000007fefa153000 	C:\Windows\System32\fwpuclnt.dll

dbghelp: loaded successfully - version: 4.0.5 - missing functions: none
symbol engine: initialized successfully - sym options: 0x614 - pdb path: .;D:\OracleOpenJDK17\bin;C:\Windows\SYSTEM32;C:\Windows\WinSxS\amd64_microsoft.windows.common-controls_6595b64144ccf1df_6.0.7601.17514_none_fa396087175ac9ac;D:\OracleOpenJDK17\bin\server;D:\IntelliJ IDEA Community Edition 2021.2.2\bin

VM Arguments:
jvm_args: -javaagent:D:\IntelliJ IDEA Community Edition 2021.2.2\lib\idea_rt.jar=52139:D:\IntelliJ IDEA Community Edition 2021.2.2\bin -Dfile.encoding=UTF-8 
java_command: cars.Main
java_class_path (initial): D:\homework\spring_mvc\target\classes;C:\Users\4GAME_10\.m2\repository\org\springframework\boot\spring-boot-starter-aop\2.5.6\spring-boot-starter-aop-2.5.6.jar;C:\Users\4GAME_10\.m2\repository\org\aspectj\aspectjweaver\1.9.7\aspectjweaver-1.9.7.jar;C:\Users\4GAME_10\.m2\repository\org\springframework\boot\spring-boot-starter-thymeleaf\2.5.6\spring-boot-starter-thymeleaf-2.5.6.jar;C:\Users\4GAME_10\.m2\repository\org\thymeleaf\thymeleaf-spring5\3.0.12.RELEASE\thymeleaf-spring5-3.0.12.RELEASE.jar;C:\Users\4GAME_10\.m2\repository\org\thymeleaf\thymeleaf\3.0.12.RELEASE\thymeleaf-3.0.12.RELEASE.jar;C:\Users\4GAME_10\.m2\repository\org\attoparser\attoparser\2.0.5.RELEASE\attoparser-2.0.5.RELEASE.jar;C:\Users\4GAME_10\.m2\repository\org\unbescape\unbescape\1.1.6.RELEASE\unbescape-1.1.6.RELEASE.jar;C:\Users\4GAME_10\.m2\repository\org\slf4j\slf4j-api\1.7.25\slf4j-api-1.7.25.jar;C:\Users\4GAME_10\.m2\repository\org\thymeleaf\extras\thymeleaf-extras-java8time\3.0.4.RELEASE\thymeleaf-extras-java8time-3.0.4.RELEASE.jar;C:\Users\4GAME_10\.m2\repository\org\springframework\spring-aop\5.3.12\spring-aop-5.3.12.jar;C:\Users\4GAME_10\.m2\repository\org\springframework\spring-beans\5.3.12\spring-beans-5.3.12.jar;C:\Users\4GAME_10\.m2\repository\javax\xml\bind\jaxb-api\2.3.1\jaxb-api-2.3.1.jar;C:\Users\4GAME_10\.m2\repository\javax\activation\javax.activation-api\1.2.0\javax.activation-api-1.2.0.jar;C:\Users\4GAME_10\.m2\repository\org\springframework\boot\spring-boot-starter-web\2.5.6\spring-boot-starter-web-2.5.6.jar;C:\Users\4GAME_10\.m2\repository\org\springframework\boot\spring-boot-starter-json\2.5.6\spring-boot-starter-json-2.5.6.jar;C:\Users\4GAME_10\.m2\repository\com\fasterxml\jackson\core\jackson-databind\2.12.5\jackson-databind-2.12.5.jar;C:\Users\4GAME_10\.m2\repository\com\fasterxml\jackson\core\jackson-annotations\2.12.5\jackson-annotations-2.12.5.jar;C:\Users\4GAME_10\.m2\repository\com\fasterxml\jackson\core\jackson-core\2.12.5\jackson-core
Launcher Type: SUN_STANDARD

[Global flags]
     intx CICompilerCount                          = 3                                         {product} {ergonomic}
     uint ConcGCThreads                            = 1                                         {product} {ergonomic}
     uint G1ConcRefinementThreads                  = 4                                         {product} {ergonomic}
   size_t G1HeapRegionSize                         = 2097152                                   {product} {ergonomic}
    uintx GCDrainStackTargetSize                   = 64                                        {product} {ergonomic}
   size_t InitialHeapSize                          = 268435456                                 {product} {ergonomic}
   size_t MarkStackSize                            = 4194304                                   {product} {ergonomic}
   size_t MaxHeapSize                              = 4280287232                                {product} {ergonomic}
   size_t MaxNewSize                               = 2566914048                                {product} {ergonomic}
   size_t MinHeapDeltaBytes                        = 2097152                                   {product} {ergonomic}
   size_t MinHeapSize                              = 8388608                                   {product} {ergonomic}
    uintx NonNMethodCodeHeapSize                   = 5832780                                {pd product} {ergonomic}
    uintx NonProfiledCodeHeapSize                  = 122912730                              {pd product} {ergonomic}
    uintx ProfiledCodeHeapSize                     = 122912730                              {pd product} {ergonomic}
    uintx ReservedCodeCacheSize                    = 251658240                              {pd product} {ergonomic}
     bool SegmentedCodeCache                       = true                                      {product} {ergonomic}
   size_t SoftMaxHeapSize                          = 4280287232                             {manageable} {ergonomic}
     bool UseCompressedClassPointers               = true                           {product lp64_product} {ergonomic}
     bool UseCompressedOops                        = true                           {product lp64_product} {ergonomic}
     bool UseG1GC                                  = true                                      {product} {ergonomic}
     bool UseLargePagesIndividualAllocation        = false                                  {pd product} {ergonomic}

Logging:
Log output configuration:
 #0: stdout all=warning uptime,level,tags
 #1: stderr all=off uptime,level,tags

Environment Variables:
JAVA_HOME=C:\Program Files\Java\jdk-17.0.1
PATH=C:\Program Files\Common Files\Oracle\Java\javapath;C:\Program Files (x86)\Common Files\Oracle\Java\javapath;C:\Windows\system32;C:\Windows;C:\Windows\System32\Wbem;C:\Windows\System32\WindowsPowerShell\v1.0\; D:\mgine\mingw64\bin;C:\Program Files\dotnet\;C:\Program Files (x86)\NVIDIA Corporation\PhysX\Common;D:\mysql\bin;C:\Program Files (x86)\HP\Common\HPDestPlgIn\;D:\OracleOpenJDK17\bin\java.exe;D:\apache-maven-3.8.3-bin\apache-maven-3.8.3\bin;D:\mysql\bin;C:\Program Files (x86)\HP\Common\HPDestPlgIn\
USERNAME=4GAME_10
OS=Windows_NT
PROCESSOR_IDENTIFIER=AMD64 Family 21 Model 48 Stepping 1, AuthenticAMD



---------------  S Y S T E M  ---------------

OS:
 Windows 7 , 64 bit Build 7601 (6.1.7601.24384)
OS uptime: 0 days 2:07 hours

CPU: total 4 (initial active 4) (4 cores per cpu, 1 threads per core) family 21 model 48 stepping 1 microcode 0x0, cx8, cmov, fxsr, mmx, 3dnowpref, sse, sse2, sse3, ssse3, sse4a, sse4.1, sse4.2, popcnt, lzcnt, tsc, tscinvbit, avx, aes, clmul, bmi1, fma, vzeroupper, clflush

Memory: 4k page, system-wide physical 16324M (10445M free)
TotalPageFile size 32647M (AvailPageFile size 24108M)
current process WorkingSet (physical memory assigned to process): 115M, peak: 115M
current process commit charge ("private bytes"): 393M, peak: 393M

vm_info: OpenJDK 64-Bit Server VM (17+35-2724) for windows-amd64 JRE (17+35-2724), built on Aug  5 2021 23:26:02 by "mach5one" with MS VC++ 16.8 (VS2019)

END.
